[debug] [2025-12-12T06:52:13.373Z] ----------------------------------------------------------------------
[debug] [2025-12-12T06:52:13.375Z] Command:       /home/tron/.nvm/versions/node/v20.19.5/bin/node /home/tron/.nvm/versions/node/v20.19.5/bin/firebase init
[debug] [2025-12-12T06:52:13.376Z] CLI Version:   14.23.0
[debug] [2025-12-12T06:52:13.376Z] Platform:      linux
[debug] [2025-12-12T06:52:13.376Z] Node Version:  v20.19.5
[debug] [2025-12-12T06:52:13.376Z] Time:          Fri Dec 12 2025 14:52:13 GMT+0800 (Philippine Standard Time)
[debug] [2025-12-12T06:52:13.376Z] ----------------------------------------------------------------------
[debug] 
[debug] [2025-12-12T06:52:13.378Z] >>> [apiv2][query] GET https://firebase-public.firebaseio.com/cli.json [none]
[info] 
     ######## #### ########  ######## ########     ###     ######  ########
     ##        ##  ##     ## ##       ##     ##  ##   ##  ##       ##
     ######    ##  ########  ######   ########  #########  ######  ######
     ##        ##  ##    ##  ##       ##     ## ##     ##       ## ##
     ##       #### ##     ## ######## ########  ##     ##  ######  ########

You're about to initialize a Firebase project in this directory:

  /mnt/storage/projects/convergeitsolutions

Before we get started, keep in mind:

  * You are currently outside your home directory

[debug] [2025-12-12T06:52:13.931Z] <<< [apiv2][status] GET https://firebase-public.firebaseio.com/cli.json 200
[debug] [2025-12-12T06:52:13.931Z] <<< [apiv2][body] GET https://firebase-public.firebaseio.com/cli.json {"cloudBuildErrorAfter":1594252800000,"cloudBuildWarnAfter":1590019200000,"defaultNode10After":1594252800000,"minVersion":"3.0.5","node8DeploysDisabledAfter":1613390400000,"node8RuntimeDisabledAfter":1615809600000,"node8WarnAfter":1600128000000}
[info] 
=== Project Setup
[info] 
[info] First, let's associate this project directory with a Firebase project.
[info] You can create multiple project aliases by running firebase use --add, 
[info] 
[debug] [2025-12-12T06:52:53.228Z] ExitPromptError: User force closed the prompt with SIGINT
    at Interface.sigint (/home/tron/.nvm/versions/node/v20.19.5/lib/node_modules/firebase-tools/node_modules/@inquirer/core/dist/commonjs/lib/create-prompt.js:101:37)
    at Interface.emit (node:events:524:28)
    at Interface.emit (node:domain:489:12)
    at [_ttyWrite] [as _ttyWrite] (node:internal/readline/interface:1128:18)
    at ReadStream.onkeypress (node:internal/readline/interface:267:20)
    at ReadStream.emit (node:events:536:35)
    at ReadStream.emit (node:domain:489:12)
    at emitKeys (node:internal/readline/utils:371:14)
    at emitKeys.next (<anonymous>)
    at ReadStream.onData (node:internal/readline/emitKeypressEvents:64:36)
[error] 
[error] Error: An unexpected error has occurred.
